[debug] [2022-04-02T03:55:05.858Z] ----------------------------------------------------------------------
[debug] [2022-04-02T03:55:05.860Z] Command:       C:\Program Files\nodejs\node.exe C:\Users\erike\AppData\Roaming\npm\node_modules\firebase-tools\lib\bin\firebase.js init
[debug] [2022-04-02T03:55:05.861Z] CLI Version:   10.0.1
[debug] [2022-04-02T03:55:05.861Z] Platform:      win32
[debug] [2022-04-02T03:55:05.861Z] Node Version:  v16.13.1
[debug] [2022-04-02T03:55:05.862Z] Time:          Fri Apr 01 2022 21:55:05 GMT-0600 (hora estándar central)
[debug] [2022-04-02T03:55:05.862Z] ----------------------------------------------------------------------
[debug] 
[debug] [2022-04-02T03:55:05.934Z] > command requires scopes: ["email","openid","https://www.googleapis.com/auth/cloudplatformprojects.readonly","https://www.googleapis.com/auth/firebase","https://www.googleapis.com/auth/cloud-platform"]
[debug] [2022-04-02T03:55:05.935Z] > authorizing via signed-in user (erik10cavazos@gmail.com)
[info] 
     ######## #### ########  ######## ########     ###     ######  ########
     ##        ##  ##     ## ##       ##     ##  ##   ##  ##       ##
     ######    ##  ########  ######   ########  #########  ######  ######
     ##        ##  ##    ##  ##       ##     ## ##     ##       ## ##
     ##       #### ##     ## ######## ########  ##     ##  ######  ########

You're about to initialize a Firebase project in this directory:

  C:\Users\erike\Desktop\codrops-scribbler-master\ayuda.isolaatti.com

Before we get started, keep in mind:

  * You are initializing within an existing Firebase project directory

